[2013-04-04 13:03:30] START
[2013-04-04 13:03:30] EDIT welcome/models/db.py: 12
[2013-04-04 13:04:03] EDIT welcome/models/db.py: -1
[2013-04-04 13:04:18] EDIT welcome/models/db.py: -11
[2014-01-09 21:35:02] EDIT Lavagens/models/db_wizard.py: 0
[2014-04-29 22:51:48] EDIT lavagens/controllers/config.py: 0
[2014-04-29 22:51:50] EDIT lavagens/controllers/config.py: 0
[2014-04-29 22:52:00] EDIT lavagens/controllers/config.py: 0
[2014-04-29 22:52:08] EDIT lavagens/controllers/config.py: 0
[2014-04-29 22:52:19] EDIT lavagens/controllers/config.py: 0
[2014-04-29 22:52:25] EDIT lavagens/controllers/config.py: 0
[2014-04-29 22:52:37] EDIT lavagens/controllers/config.py: 0
[2014-04-29 22:52:50] EDIT lavagens/controllers/config.py: 0
[2014-05-04 13:35:08] EDIT lavagens/models/db.py: 0
[2014-05-04 13:37:33] EDIT lavagens/models/db.py: 0
[2014-05-31 17:17:18] EDIT lavagens/views/default/box_register.html: 2
[2014-05-31 17:17:21] EDIT lavagens/views/default/box_register.html: 0
[2014-06-04 13:37:30] EDIT lavagens/controllers/default.py: 1
[2014-06-04 13:39:13] EDIT lavagens/controllers/default.py: 0
[2014-06-04 13:39:22] EDIT lavagens/controllers/default.py: 1
[2014-06-04 13:39:29] EDIT lavagens/controllers/default.py: 0
[2014-06-04 13:39:32] EDIT lavagens/controllers/default.py: 0
[2014-06-04 13:41:02] EDIT lavagens/views/default/box_register.html: 0
[2014-06-07 12:04:13] EDIT lavagens/controllers/default.py: 0
[2014-06-07 12:05:17] EDIT lavagens/controllers/default.py: 0
[2014-06-07 12:09:47] EDIT lavagens/controllers/default.py: 0
[2014-06-07 12:11:01] EDIT lavagens/controllers/default.py: 1
[2014-06-07 12:11:07] EDIT lavagens/controllers/default.py: 0
[2014-06-07 12:14:44] EDIT lavagens/controllers/default.py: 0
[2014-06-07 12:17:19] EDIT lavagens/views/default/box_register.html: 0
[2014-06-07 12:23:28] EDIT lavagens/controllers/default.py: 0
[2014-06-07 12:24:21] EDIT lavagens/views/default/box_register.html: 0
[2014-06-07 12:27:22] EDIT lavagens/views/default/box_register.html: 0
[2014-06-07 12:29:15] EDIT lavagens/views/default/box_register.html: 0
[2014-06-07 12:30:43] EDIT lavagens/views/default/box_register.html: 1
[2014-06-07 12:31:45] EDIT lavagens/views/default/box_register.html: 0
[2014-06-07 12:31:50] EDIT lavagens/views/default/box_register.html: 0
[2014-06-07 12:33:31] EDIT lavagens/views/default/box_register.html: 0
[2014-06-07 12:34:10] EDIT lavagens/views/default/box_register.html: 1
[2014-06-07 12:34:50] EDIT lavagens/controllers/default.py: 0
[2014-06-07 12:36:47] EDIT lavagens/views/default/box_register.html: 0
[2014-06-07 12:36:48] EDIT lavagens/views/default/box_register.html: 0
[2014-06-07 12:37:04] EDIT lavagens/views/default/box_register.html: 0
[2014-06-07 12:37:06] EDIT lavagens/views/default/box_register.html: 0
[2014-06-07 12:37:10] EDIT lavagens/views/default/box_register.html: 0
[2014-06-07 12:39:07] EDIT lavagens/views/default/box_register.html: 0
[2014-06-07 12:40:02] EDIT lavagens/views/default/box_register.html: 1
[2014-06-07 12:40:04] EDIT lavagens/views/default/box_register.html: 0
[2014-06-07 12:41:54] EDIT lavagens/views/default/box_register.html: 0
[2014-06-07 12:50:04] EDIT lavagens/views/default/box_register.html: 0
[2014-06-07 12:57:59] EDIT lavagens/views/default/box_register.html: 3
[2014-06-07 12:58:38] EDIT lavagens/views/default/box_register.html: 1
[2014-06-07 13:01:46] EDIT lavagens/views/default/box_register.html: 0
[2014-06-07 13:06:12] EDIT lavagens/views/default/box_register.html: 0
[2014-06-07 13:09:09] EDIT lavagens/views/default/box_register.html: 0
[2014-06-07 13:25:44] EDIT lavagens/views/default/box_register.html: 0
[2014-06-07 13:29:03] EDIT lavagens/views/default/box_register.html: 0
[2014-06-07 14:33:42] EDIT lavagens/views/default/box_register.html: 0
[2014-06-07 14:33:44] EDIT lavagens/views/default/box_register.html: 0
[2014-06-07 14:38:52] EDIT lavagens/views/default/box_register.html: 0
[2014-06-07 14:39:01] EDIT lavagens/views/default/box_register.html: 1
[2014-06-07 14:39:16] EDIT lavagens/views/default/box_register.html: 0
[2014-06-07 14:39:19] EDIT lavagens/views/default/box_register.html: 0
[2014-06-07 14:41:43] EDIT lavagens/views/default/box_register.html: 0
[2014-06-07 14:43:13] EDIT lavagens/controllers/default.py: 0
[2014-06-07 14:47:44] EDIT lavagens/views/default/box_register.html: 0
[2014-06-07 14:48:52] EDIT lavagens/views/default/box_register.html: 0
[2014-06-07 14:49:00] EDIT lavagens/controllers/default.py: 0
[2014-06-07 14:49:02] EDIT lavagens/controllers/default.py: 0
[2014-06-10 13:44:02] EDIT lavagens/views/default/error.html: 1
[2014-06-10 13:46:55] EDIT lavagens/views/default/error.html: -1
[2014-06-10 13:47:14] EDIT lavagens/views/default/error.html: 1
[2014-06-10 13:47:22] EDIT lavagens/views/default/error.html: 0
[2014-06-10 13:48:45] EDIT lavagens/models/db_wizard.py: 0
[2014-06-10 13:54:35] EDIT lavagens/models/db.py: 1
[2014-06-10 13:55:24] EDIT lavagens/models/db.py: 0
[2014-06-10 13:56:21] EDIT lavagens/models/db.py: 0
[2014-06-10 13:56:23] EDIT lavagens/models/db.py: 0
[2014-06-10 13:58:11] EDIT lavagens/models/db.py: 0
[2014-06-10 14:17:14] EDIT lavagens/controllers/user.py: 0
[2014-06-10 14:32:22] EDIT lavagens/controllers/user.py: 0
[2014-06-10 14:32:58] EDIT lavagens/controllers/user.py: 0
[2014-06-10 14:34:00] EDIT lavagens/controllers/account.py: 3
[2014-06-10 14:34:38] EDIT lavagens/controllers/account.py: 0
[2014-06-10 14:34:49] EDIT lavagens/controllers/account.py: 0
[2014-06-10 14:36:25] EDIT lavagens/controllers/movement.py: 10
[2014-06-10 14:37:27] EDIT lavagens/controllers/post.py: 2
[2014-06-10 14:38:18] EDIT lavagens/controllers/default.py: 1
[2014-06-10 14:38:20] EDIT lavagens/controllers/default.py: 0
[2014-06-17 17:21:40] EDIT lavagens/views/default/box_register.html: 0
[2014-06-17 17:21:49] EDIT lavagens/views/default/box_register.html: 0
[2014-06-17 17:21:50] EDIT lavagens/views/default/box_register.html: 0
[2014-06-17 17:32:58] EDIT lavagens/views/movement/edit.html: 2
[2014-06-17 17:39:26] EDIT lavagens/views/movement/manage.html: 0
[2014-06-28 03:58:13] EDIT lavagens/views/default/edit_last_register.html: 0
[2014-06-28 04:01:26] EDIT lavagens/views/default/edit_last_register.html: 0
[2014-06-28 07:28:17] EDIT lavagens/controllers/default.py: 11
[2014-06-28 07:28:39] EDIT lavagens/views/default/edit_last_register.html: 1
[2014-06-28 07:53:05] EDIT lavagens/controllers/movement.py: 3
[2014-07-20 18:04:59] EDIT lavagens/controllers/config.py: 0
[2014-07-20 18:06:23] EDIT lavagens/controllers/config.py: 0
[2014-07-27 05:04:34] EDIT lavagens/controllers/config.py: 6
[2014-08-02 05:15:29] EDIT lavagens/views/movement/edit.html: -2
[2014-08-02 05:15:57] EDIT lavagens/views/movement/edit.html: 2
[2014-08-02 07:28:41] EDIT lavagens/views/movement/manage.html: 0
[2014-08-02 07:29:03] EDIT lavagens/views/movement/manage.html: 0
[2014-08-02 07:30:06] EDIT lavagens/views/movement/manage.html: 0
[2014-08-02 07:32:29] EDIT lavagens/views/movement/manage.html: 1
[2014-08-02 07:32:57] EDIT lavagens/views/movement/manage.html: -1
[2014-08-03 17:33:54] EDIT lavagens/controllers/movement.py: 0
[2014-08-03 17:34:03] EDIT lavagens/controllers/movement.py: 0
[2014-08-03 17:39:44] EDIT lavagens/views/movement/edit.html: 0
[2014-08-03 17:40:42] EDIT lavagens/views/movement/edit.html: 2
[2014-08-03 17:41:14] EDIT lavagens/views/movement/edit.html: -2
[2014-08-03 17:42:27] EDIT lavagens/views/movement/edit.html: -43
[2014-08-03 17:42:49] EDIT lavagens/views/movement/edit.html: 1
[2014-08-03 17:44:14] EDIT lavagens/controllers/movement.py: 3
[2014-08-03 17:46:06] EDIT lavagens/controllers/movement.py: 0
[2014-08-03 17:47:54] EDIT lavagens/controllers/movement.py: 4
[2014-08-03 17:48:47] EDIT lavagens/controllers/movement.py: 0
[2014-08-03 17:51:11] EDIT lavagens/controllers/movement.py: 1
[2014-08-03 17:51:53] EDIT lavagens/controllers/movement.py: 0
[2014-08-03 17:53:20] EDIT lavagens/models/db_wizard.py: -1
[2014-08-03 17:53:49] EDIT lavagens/models/db_wizard.py: 1
[2014-08-03 17:54:08] EDIT lavagens/models/db_wizard.py: -2
[2014-08-03 17:54:21] EDIT lavagens/models/db_wizard.py: 2
[2014-08-03 17:57:12] EDIT lavagens/controllers/movement.py: 1
[2014-08-03 17:57:35] EDIT lavagens/models/db_wizard.py: 0
[2014-08-03 17:58:57] EDIT lavagens/models/db_wizard.py: 0
[2014-08-03 17:59:33] EDIT lavagens/controllers/movement.py: 1
[2014-08-03 18:02:19] EDIT lavagens/controllers/movement.py: 0
[2014-08-03 18:04:11] EDIT lavagens/models/db_wizard.py: -1
[2014-08-03 18:05:18] EDIT lavagens/controllers/movement.py: -15
[2014-08-03 18:06:05] EDIT lavagens/controllers/movement.py: 0
[2014-08-03 18:06:48] EDIT lavagens/controllers/movement.py: 0
[2014-08-03 18:06:52] EDIT lavagens/controllers/movement.py: 0
[2014-08-10 11:42:11] EDIT lavagens/views/movement/add.html: 4
[2014-08-10 11:43:42] EDIT lavagens/views/movement/add.html: 19
[2014-08-10 11:44:15] EDIT lavagens/views/movement/add.html: 0
[2014-08-10 11:46:43] EDIT lavagens/views/movement/add.html: 1
[2014-08-10 11:48:42] EDIT lavagens/views/movement/add.html: 0
[2014-08-10 11:49:20] EDIT lavagens/views/movement/add.html: 0
[2014-08-10 11:49:36] EDIT lavagens/views/movement/add.html: 0
[2014-08-10 11:49:49] EDIT lavagens/views/movement/add.html: 0
[2014-08-10 11:52:18] EDIT lavagens/controllers/movement.py: 0
[2014-08-10 11:52:32] EDIT lavagens/controllers/movement.py: 0
[2014-08-10 11:53:42] EDIT lavagens/views/movement/add.html: 0
[2014-08-10 11:54:55] EDIT lavagens/views/movement/add.html: 4
[2014-08-10 11:55:21] EDIT lavagens/views/movement/add.html: 0
[2014-08-10 12:03:15] EDIT lavagens/views/movement/add.html: 1
[2014-08-10 12:04:42] EDIT lavagens/views/movement/add.html: 0
[2014-08-10 12:07:36] EDIT lavagens/views/movement/add.html: 0
[2014-08-10 12:08:46] EDIT lavagens/views/movement/add.html: 0
[2014-08-10 12:18:12] EDIT lavagens/models/db_wizard.py: 3
[2014-08-10 12:20:53] EDIT lavagens/models/db_wizard.py: 1
[2014-08-10 12:22:04] EDIT lavagens/models/db_wizard.py: 0
[2014-08-10 12:27:41] EDIT lavagens/models/db_wizard.py: 0
[2014-08-10 12:27:55] EDIT lavagens/models/db_wizard.py: 0
[2014-08-10 12:28:57] EDIT lavagens/views/movement/add.html: 0
[2014-08-10 12:29:55] EDIT lavagens/models/db_wizard.py: 0
[2014-08-10 12:30:03] EDIT lavagens/models/db_wizard.py: 0
[2014-08-10 12:30:12] EDIT lavagens/views/movement/add.html: 0
[2014-08-10 12:30:47] EDIT lavagens/models/db_wizard.py: 0
[2014-08-10 12:31:23] EDIT lavagens/models/db_wizard.py: 0
[2014-08-10 12:32:06] EDIT lavagens/models/db_wizard.py: 0
[2014-08-10 12:32:09] EDIT lavagens/models/db_wizard.py: 0
[2014-08-10 12:33:25] EDIT lavagens/views/movement/add.html: 0
[2014-08-10 12:33:56] EDIT lavagens/views/movement/add.html: 0
[2014-08-10 12:34:08] EDIT lavagens/views/movement/add.html: 2
[2014-08-10 12:34:35] EDIT lavagens/views/movement/add.html: 2
[2014-08-10 12:35:10] EDIT lavagens/models/db_wizard.py: 0
[2014-08-10 12:39:28] EDIT lavagens/views/movement/add.html: 0
[2014-08-10 12:39:30] EDIT lavagens/views/movement/add.html: 0
[2014-08-10 12:40:01] EDIT lavagens/views/movement/add.html: 0
[2014-08-10 12:40:59] EDIT lavagens/views/movement/add.html: 0
[2014-08-10 12:41:58] EDIT lavagens/views/movement/add.html: 2
[2014-08-10 12:44:23] EDIT lavagens/views/movement/add.html: 4
[2014-10-08 08:46:18] EDIT lavagens/controllers/default.py: 0
[2014-10-08 15:52:24] EDIT lavagens/controllers/default.py: 0
[2014-10-08 15:56:08] EDIT lavagens/views/default/view_registration.html: 0
[2014-10-08 15:56:35] EDIT lavagens/views/default/view_registration.html: -28
[2014-10-08 15:57:06] EDIT lavagens/views/default/view_registration.html: -3
[2014-10-08 15:58:09] EDIT lavagens/views/default/view_registration.html: 2
[2014-10-08 15:59:45] EDIT lavagens/controllers/default.py: 3
[2014-10-08 16:00:40] EDIT lavagens/controllers/default.py: -3
[2014-10-08 16:01:14] EDIT lavagens/models/db_wizard.py: -1
[2014-10-08 16:01:50] EDIT lavagens/models/db_wizard.py: 0
[2014-10-08 16:01:52] EDIT lavagens/models/db_wizard.py: 1
[2014-10-08 16:01:53] EDIT lavagens/models/db_wizard.py: 0
[2014-10-08 16:02:07] EDIT lavagens/models/db_wizard.py: 0
[2014-10-08 16:02:24] EDIT lavagens/models/db_wizard.py: -1
[2014-10-08 16:02:39] EDIT lavagens/models/db_wizard.py: 1
[2014-10-08 16:02:40] EDIT lavagens/models/db_wizard.py: 0
[2014-10-08 16:03:27] EDIT lavagens/controllers/default.py: 3
[2014-10-08 16:03:59] EDIT lavagens/controllers/default.py: 0
[2014-10-08 16:04:39] EDIT lavagens/controllers/default.py: 0
[2014-10-08 16:05:06] EDIT lavagens/controllers/default.py: -1
[2014-10-08 16:05:22] EDIT lavagens/controllers/default.py: 0
[2014-10-08 16:05:53] EDIT lavagens/controllers/default.py: 1
[2014-10-08 16:06:08] EDIT lavagens/controllers/default.py: 0
[2014-10-08 16:07:15] EDIT lavagens/controllers/default.py: 0
[2014-10-08 16:07:58] EDIT lavagens/controllers/default.py: 0
[2014-10-08 16:12:53] EDIT lavagens/controllers/default.py: 0
[2014-10-08 16:13:04] EDIT lavagens/controllers/default.py: 0
[2014-10-08 16:14:23] EDIT lavagens/controllers/default.py: 0
[2014-10-08 16:14:34] EDIT lavagens/controllers/default.py: 0
[2014-10-08 16:17:39] EDIT lavagens/models/db_wizard.py: 2
[2014-10-08 16:18:06] EDIT lavagens/models/db_wizard.py: 0
[2014-10-08 16:18:10] EDIT lavagens/models/db_wizard.py: 0
[2014-10-08 16:18:46] EDIT lavagens/models/db_wizard.py: -2
[2014-10-08 16:35:48] EDIT lavagens/models/db_wizard.py: -4
[2014-10-08 16:36:29] EDIT lavagens/models/db_wizard.py: 0
[2014-10-08 16:40:35] EDIT lavagens/models/db_wizard.py: 0
[2014-10-08 16:42:15] EDIT lavagens/models/db_wizard.py: 0
[2014-10-08 16:42:34] EDIT lavagens/models/db_wizard.py: 0
[2014-10-08 16:46:05] EDIT lavagens/models/db_wizard.py: 0
[2014-10-08 16:46:44] EDIT lavagens/controllers/default.py: 0
[2014-10-08 16:47:08] EDIT lavagens/controllers/default.py: 0
[2014-10-08 16:49:05] EDIT lavagens/controllers/default.py: 0
[2014-10-08 16:50:32] EDIT lavagens/models/db_wizard.py: 0
[2014-10-08 16:55:01] EDIT lavagens/models/db_wizard.py: -1
[2014-10-08 16:55:33] EDIT lavagens/models/db_wizard.py: -1
[2014-10-08 17:00:28] EDIT lavagens/models/db_wizard.py: 4
[2014-10-08 17:01:22] EDIT lavagens/models/db_wizard.py: 1
[2014-10-08 17:06:42] EDIT lavagens/models/db_wizard.py: 0
[2014-10-08 17:07:05] EDIT lavagens/models/db_wizard.py: 0
[2014-10-08 17:11:04] EDIT lavagens/models/db.py: 0
[2014-10-08 17:12:39] EDIT lavagens/models/db.py: 0
[2014-10-08 17:13:30] EDIT lavagens/models/db.py: 0
[2014-10-08 17:13:51] EDIT lavagens/models/db_wizard.py: 1
[2014-10-08 17:14:11] EDIT lavagens/models/db_wizard.py: 0
[2014-10-08 17:14:33] EDIT lavagens/models/db_wizard.py: 0
[2014-10-08 17:15:38] EDIT lavagens/models/db_wizard.py: 0
[2014-10-08 17:16:25] EDIT lavagens/models/db_wizard.py: 0
[2014-10-08 17:40:11] EDIT lavagens/models/db_wizard.py: 1
[2014-10-08 17:40:13] EDIT lavagens/models/db_wizard.py: 0
[2014-10-08 17:42:25] EDIT lavagens/models/db_wizard.py: -4
[2014-10-08 17:51:50] EDIT lavagens/models/db_wizard.py: 0
[2014-10-08 17:51:58] EDIT lavagens/models/db_wizard.py: 0
[2014-10-08 18:03:58] EDIT lavagens/models/db_wizard.py: 0
[2014-10-08 18:04:05] EDIT lavagens/models/db_wizard.py: 0
[2014-10-08 18:08:53] EDIT lavagens/controllers/default.py: -2
[2014-10-08 18:10:16] EDIT lavagens/models/db_wizard.py: 4
[2014-10-09 08:30:06] EDIT lavagens/models/db_wizard.py: -1
[2014-10-09 08:30:36] EDIT lavagens/models/db_wizard.py: 1
[2014-10-09 08:32:51] EDIT lavagens/models/db_wizard.py: -1
[2014-10-09 08:36:52] EDIT lavagens/models/db_wizard.py: 1
[2014-10-09 08:37:51] EDIT lavagens/models/db_wizard.py: -1
[2014-10-09 08:37:55] EDIT lavagens/models/db_wizard.py: 1
[2014-10-09 08:45:35] EDIT lavagens/models/db_wizard.py: 0
[2014-10-09 08:49:35] EDIT lavagens/models/db_wizard.py: 1
[2014-10-09 08:50:03] EDIT lavagens/models/db_wizard.py: 0
[2014-10-09 08:51:13] EDIT lavagens/models/db_wizard.py: 0
[2014-10-09 08:51:57] EDIT lavagens/models/db_wizard.py: -1
[2014-10-09 08:54:56] EDIT lavagens/models/db_wizard.py: 0
[2014-10-09 18:14:34] EDIT lavagens/models/db_wizard.py: -1
[2014-10-09 18:15:46] EDIT lavagens/models/db_wizard.py: 1
[2014-10-09 18:19:54] EDIT lavagens/models/db_wizard.py: 1
[2014-10-09 18:20:18] EDIT lavagens/models/db_wizard.py: 0
[2014-10-09 18:20:31] EDIT lavagens/models/db_wizard.py: 0
[2014-10-09 18:20:42] EDIT lavagens/models/db_wizard.py: 0
[2014-10-09 18:21:24] EDIT lavagens/models/db_wizard.py: -1
[2014-10-09 18:21:25] EDIT lavagens/models/db_wizard.py: 0
[2014-10-09 18:21:39] EDIT lavagens/models/db_wizard.py: 0
[2014-10-09 18:27:38] EDIT lavagens/models/db_wizard.py: 0
[2014-10-09 18:27:54] EDIT lavagens/models/db_wizard.py: -1
[2014-10-09 18:27:58] EDIT lavagens/models/db_wizard.py: 1
[2014-10-09 18:28:18] EDIT lavagens/models/db_wizard.py: 0
[2014-10-09 18:29:30] EDIT lavagens/models/db_wizard.py: 0
[2014-10-09 18:29:36] EDIT lavagens/models/db_wizard.py: 0
[2014-10-09 18:29:56] EDIT lavagens/models/db_wizard.py: 0
[2014-10-09 18:30:17] EDIT lavagens/models/db_wizard.py: 0
[2014-10-09 18:30:20] EDIT lavagens/models/db_wizard.py: 0
[2014-10-09 18:30:33] EDIT lavagens/models/db_wizard.py: -1
[2014-10-09 18:30:36] EDIT lavagens/models/db_wizard.py: 0
[2014-10-09 18:30:51] EDIT lavagens/models/db_wizard.py: -2
[2014-10-09 18:30:58] EDIT lavagens/models/db_wizard.py: 0
[2014-10-09 18:31:03] EDIT lavagens/models/db_wizard.py: 0
[2014-10-09 18:31:27] EDIT lavagens/models/db_wizard.py: -1
[2014-10-09 18:31:49] EDIT lavagens/models/db_wizard.py: 1
[2014-10-09 18:32:05] EDIT lavagens/models/db_wizard.py: 0
[2014-10-09 18:35:18] EDIT lavagens/models/db_wizard.py: 0
[2014-10-09 18:37:01] EDIT lavagens/models/db_wizard.py: 0
[2014-10-09 18:37:28] EDIT lavagens/models/db_wizard.py: 0
[2014-10-09 18:38:36] EDIT lavagens/models/db_wizard.py: 0
[2014-10-09 18:42:02] EDIT lavagens/models/db_wizard.py: 0
[2014-10-09 18:43:39] EDIT lavagens/models/db_wizard.py: -1
[2014-10-09 18:43:48] EDIT lavagens/models/db_wizard.py: 1
[2014-10-09 18:43:51] EDIT lavagens/models/db_wizard.py: 0
[2014-10-09 18:53:54] EDIT lavagens/models/db_wizard.py: 0
[2014-10-09 18:55:52] EDIT lavagens/models/db_wizard.py: -1
[2014-10-09 18:56:15] EDIT lavagens/models/db_wizard.py: 0
[2014-10-09 18:57:33] EDIT lavagens/models/db_wizard.py: 1
[2014-10-09 18:57:58] EDIT lavagens/models/db_wizard.py: 0
[2014-10-09 18:59:16] EDIT lavagens/models/db_wizard.py: 0
[2014-10-09 19:00:01] EDIT lavagens/models/db_wizard.py: 0
[2014-10-09 19:00:03] EDIT lavagens/models/db_wizard.py: 0
[2014-10-09 19:00:24] EDIT lavagens/models/db_wizard.py: 0
[2014-10-09 19:02:54] EDIT lavagens/models/db_wizard.py: 1
[2014-10-09 19:04:06] EDIT lavagens/models/db_wizard.py: -1
[2014-10-09 19:04:50] EDIT lavagens/models/db_wizard.py: 0
[2014-10-09 19:06:13] EDIT lavagens/controllers/default.py: 0
[2014-10-09 19:08:50] EDIT lavagens/models/db_wizard.py: 0
[2014-10-09 19:08:51] EDIT lavagens/models/db_wizard.py: 0
[2014-10-09 19:12:18] EDIT lavagens/controllers/default.py: 0
[2014-10-09 19:13:24] EDIT lavagens/models/db_wizard.py: -11
[2014-10-09 19:14:06] EDIT lavagens/models/db_wizard.py: -1
[2014-10-09 19:15:27] EDIT lavagens/models/db_wizard.py: 1
[2014-10-09 19:16:20] EDIT lavagens/models/db_wizard.py: 1
[2014-10-09 19:16:31] EDIT lavagens/models/db_wizard.py: 1
[2014-10-09 19:16:51] EDIT lavagens/models/db_wizard.py: -2
[2014-10-09 19:17:24] EDIT lavagens/models/db_wizard.py: 0
[2014-10-09 19:17:27] EDIT lavagens/models/db_wizard.py: 1
[2014-10-09 19:17:31] EDIT lavagens/models/db_wizard.py: -1
[2014-10-09 19:18:36] EDIT lavagens/models/db_wizard.py: 0
[2014-10-09 19:19:29] EDIT lavagens/models/db_wizard.py: -1
[2014-10-09 19:19:38] EDIT lavagens/models/db_wizard.py: 0
[2014-10-09 19:19:49] EDIT lavagens/models/db_wizard.py: 0
[2014-10-09 19:20:00] EDIT lavagens/models/db_wizard.py: 0
[2014-10-09 19:20:57] EDIT lavagens/models/db_wizard.py: 1
[2014-10-09 19:22:21] EDIT lavagens/models/db_wizard.py: 1
[2014-10-09 19:22:32] EDIT lavagens/models/db_wizard.py: -1
[2014-10-09 19:23:43] EDIT lavagens/models/db_wizard.py: -1
[2014-10-09 19:23:49] EDIT lavagens/models/db_wizard.py: 1
[2014-10-09 19:23:53] EDIT lavagens/models/db_wizard.py: 0
[2014-10-09 19:24:47] EDIT lavagens/models/db_wizard.py: 0
[2014-10-09 19:25:47] EDIT lavagens/models/db_wizard.py: -1
[2014-10-09 19:25:53] EDIT lavagens/models/db_wizard.py: 0
[2014-10-09 19:26:04] EDIT lavagens/models/db_wizard.py: 0
[2014-10-09 19:26:51] EDIT lavagens/models/db_wizard.py: 0
[2014-10-09 19:29:11] EDIT lavagens/models/db_wizard.py: -1
[2014-10-09 19:29:35] EDIT lavagens/models/db_wizard.py: 1
[2014-10-09 19:30:55] EDIT lavagens/models/db_wizard.py: 1
[2014-10-09 19:31:17] EDIT lavagens/models/db_wizard.py: 0
[2014-10-09 19:32:04] EDIT lavagens/models/db_wizard.py: 0
[2014-10-09 19:32:39] EDIT lavagens/models/db_wizard.py: 0
[2014-10-09 19:32:42] EDIT lavagens/models/db_wizard.py: 0
[2014-10-09 19:34:44] EDIT lavagens/models/db_wizard.py: 0
[2014-10-09 19:35:06] EDIT lavagens/models/db_wizard.py: 0
[2014-10-09 19:35:23] EDIT lavagens/models/db_wizard.py: 0
[2014-10-09 19:35:47] EDIT lavagens/models/db_wizard.py: 0
[2014-10-09 19:36:20] EDIT lavagens/models/db_wizard.py: 0
[2014-10-09 19:36:31] EDIT lavagens/models/db_wizard.py: 0
[2014-10-09 19:36:58] EDIT lavagens/models/db_wizard.py: 0
[2014-10-09 19:37:46] EDIT lavagens/models/db_wizard.py: 0
[2014-10-09 19:38:53] EDIT lavagens/models/db_wizard.py: 0
[2014-10-09 19:40:52] EDIT lavagens/models/db_wizard.py: 0
[2014-10-09 19:41:13] EDIT lavagens/models/db_wizard.py: 1
[2014-10-09 19:42:12] EDIT lavagens/views/default/view_registration.html: -1
[2014-10-09 19:42:30] EDIT lavagens/views/default/view_registration.html: 0
[2014-10-09 19:43:07] EDIT lavagens/controllers/default.py: 15
[2014-10-09 19:44:20] EDIT lavagens/controllers/default.py: 2
[2014-10-09 19:46:06] EDIT lavagens/controllers/default.py: 0
[2014-10-09 19:46:19] EDIT lavagens/controllers/default.py: 0
[2014-10-09 19:47:18] EDIT lavagens/controllers/default.py: 0
[2014-10-09 19:49:20] EDIT lavagens/controllers/default.py: 1
[2014-10-09 19:52:40] EDIT lavagens/views/default/view_registration.html: 1
[2014-10-09 19:56:16] EDIT lavagens/views/default/view_registration.html: 0
[2014-10-09 19:56:47] EDIT lavagens/controllers/default.py: 1
[2014-10-09 19:57:01] EDIT lavagens/controllers/default.py: 2
[2014-10-09 19:58:25] EDIT lavagens/views/default/view_registration.html: 3
[2014-10-09 19:58:50] EDIT lavagens/views/default/view_registration.html: 0
[2014-10-09 19:59:55] EDIT lavagens/views/default/view_registration.html: 4
[2014-10-09 20:02:13] EDIT lavagens/views/default/view_registration.html: 3
[2014-10-09 20:05:34] EDIT lavagens/views/default/view_registration.html: 1
[2014-10-09 20:06:50] EDIT lavagens/views/default/view_registration.html: 0
[2014-10-09 20:07:42] EDIT lavagens/views/default/view_registration.html: 0
[2014-10-09 20:08:12] EDIT lavagens/views/default/view_registration.html: 0
[2014-10-09 20:08:58] EDIT lavagens/views/default/view_registration.html: 0
[2014-10-09 20:12:35] EDIT lavagens/views/default/view_registration.html: 9
[2014-10-10 14:21:12] EDIT lavagens/views/default/view_registration.html: 0
[2014-10-10 14:47:17] EDIT lavagens/models/db_wizard.py: 0
[2014-10-12 16:16:52] EDIT lavagens/models/db.py: 0
[2014-10-12 16:17:13] EDIT lavagens/models/db.py: 0
[2014-10-12 16:17:16] EDIT lavagens/models/db.py: 0
[2014-10-12 16:22:26] EDIT lavagens/models/db.py: -1
[2014-10-12 16:23:14] EDIT lavagens/models/db.py: 0
[2014-10-13 18:05:16] EDIT lavagens/models/db_wizard.py: 0
[2014-10-13 18:05:38] EDIT lavagens/models/db_wizard.py: 2
[2014-10-13 18:06:14] EDIT lavagens/controllers/movement.py: 0
[2014-10-13 18:24:48] EDIT lavagens/controllers/movement.py: 1
[2014-10-13 18:33:45] EDIT lavagens/views/default/box_register.html: 0
[2014-10-13 18:35:31] EDIT lavagens/views/default/box_register.html: 0
[2014-10-13 18:36:02] EDIT lavagens/views/default/box_register.html: 0
[2014-10-13 18:36:27] EDIT lavagens/views/default/box_register.html: 0
[2014-11-07 16:41:21] EDIT lavagens/views/movement/manage.html: 9
[2014-11-07 16:43:36] EDIT lavagens/views/layout.html: 4
[2014-11-19 16:50:33] EDIT lavagens/views/movement/manage.html: 11
[2015-02-05 18:11:37] EDIT lavagens/controllers/default.py: 2
[2015-02-05 18:12:00] EDIT lavagens/controllers/default.py: 0
[2015-04-04 17:28:37] EDIT lavagens/views/default/view_registration_details.html: 3
[2015-04-04 17:29:48] EDIT lavagens/views/default/view_registration_details.html: -2
[2015-04-04 17:31:20] EDIT lavagens/views/default/view_registration_details.html: 0
[2015-04-04 17:32:07] EDIT lavagens/views/default/view_registration_details.html: 0
[2015-04-04 17:32:28] EDIT lavagens/views/default/view_registration_details.html: 0
[2015-04-04 17:32:37] EDIT lavagens/views/default/view_registration_details.html: 1
[2015-04-04 17:32:57] EDIT lavagens/views/default/view_registration_details.html: -1
[2015-04-04 17:35:15] EDIT lavagens/views/default/view_registration_details.html: 0
[2015-04-04 17:35:37] EDIT lavagens/views/default/view_registration_details.html: 0
[2015-04-04 17:36:04] EDIT lavagens/views/default/view_registration_details.html: 0
[2015-04-04 17:36:52] EDIT lavagens/views/default/view_registration_details.html: 0
[2015-04-04 17:37:12] EDIT lavagens/views/default/view_registration_details.html: 0
[2015-04-04 17:38:16] EDIT lavagens/views/default/view_registration_details.html: 0
[2015-04-04 17:41:32] EDIT lavagens/views/default/view_registration_details.html: 0
[2015-04-04 17:41:54] EDIT lavagens/views/default/view_registration_details.html: 0
[2015-04-04 17:43:51] EDIT lavagens/views/default/view_registration_details.html: 0
[2015-04-04 17:44:28] EDIT lavagens/views/default/view_registration_details.html: 0
[2015-04-04 17:46:21] EDIT lavagens/views/default/view_registration.html: 0
[2015-04-04 17:47:18] EDIT lavagens/views/default/view_registration.html: 0
[2015-04-04 17:54:46] EDIT lavagens/views/default/view_registration.html: 0
[2015-04-12 18:01:06] EDIT lavagens/controllers/movement.py: 1
[2015-04-12 18:01:57] EDIT lavagens/controllers/movement.py: 2
[2015-04-12 18:02:42] EDIT lavagens/controllers/movement.py: 0
[2015-04-12 18:06:56] EDIT lavagens/views/movement/manage.html: 0
[2015-04-12 18:09:39] EDIT lavagens/controllers/movement.py: 0
[2015-04-12 18:16:26] EDIT lavagens/views/movement/manage.html: 0
[2015-04-12 18:17:19] EDIT lavagens/views/movement/manage.html: 0
[2015-04-12 18:18:21] EDIT lavagens/views/movement/manage.html: 0
[2015-04-12 18:24:51] EDIT lavagens/views/movement/manage.html: 3
[2015-04-12 18:28:46] EDIT lavagens/controllers/movement.py: 0
[2015-04-12 18:28:57] EDIT lavagens/controllers/movement.py: 0
[2015-04-12 18:29:13] EDIT lavagens/controllers/movement.py: 0
[2015-04-12 18:30:07] EDIT lavagens/controllers/movement.py: 0
[2015-04-12 18:31:51] EDIT lavagens/views/movement/manage.html: 0
[2015-04-12 18:32:20] EDIT lavagens/views/movement/manage.html: 0
[2015-04-12 18:39:31] EDIT lavagens/views/movement/manage.html: 1
[2015-04-12 18:40:07] EDIT lavagens/views/movement/manage.html: 3
[2015-04-12 18:41:16] EDIT lavagens/views/movement/manage.html: -4
[2015-08-23 20:00:36] EDIT lavagens/controllers/movement.py: 3
[2015-08-23 20:02:43] EDIT lavagens/views/movement/edit.html: 1
[2015-08-23 20:03:33] EDIT lavagens/views/movement/manage.html: 3
[2015-08-23 20:04:09] EDIT lavagens/views/movement/manage.html: 1
[2015-08-24 16:53:29] EDIT lavagens/views/movement/manage.html: 1
[2015-09-15 16:13:52] EDIT lavagens/controllers/movement.py: 0
[2015-09-20 17:14:28] EDIT lavagens/views/movement/manage.html: 0
[2015-09-20 17:14:51] EDIT lavagens/views/movement/manage.html: 2
[2015-09-20 17:15:19] EDIT lavagens/views/movement/manage.html: 2
[2015-09-20 17:15:27] EDIT lavagens/views/movement/manage.html: -1
[2015-10-25 16:53:39] EDIT lavagens/controllers/movement.py: 0
[2015-10-25 16:54:23] EDIT lavagens/controllers/movement.py: 4
[2015-10-25 16:56:27] EDIT lavagens/views/default/edit_last_register.html: 4
[2015-10-25 16:57:27] EDIT lavagens/views/default/view_registration_details.html: 0
[2015-10-25 16:57:33] EDIT lavagens/views/default/view_registration_details.html: 0
[2015-10-25 16:58:18] EDIT lavagens/views/movement/edit.html: 23
[2015-10-25 16:58:54] EDIT lavagens/views/movement/manage.html: 84
[2015-10-25 16:59:54] EDIT lavagens/views/layout.html: 2
[2015-10-25 17:04:17] EDIT lavagens/models/db_wizard.py: 0
[2015-12-14 15:50:40] EDIT lavagens/controllers/movement.py: 4
[2015-12-17 16:13:08] EDIT lavagens/controllers/movement.py: 1
[2015-12-17 16:13:16] EDIT lavagens/controllers/movement.py: 0
[2015-12-17 16:13:34] EDIT lavagens/controllers/movement.py: 1
[2015-12-17 16:13:36] EDIT lavagens/controllers/movement.py: 0
[2015-12-17 16:13:54] EDIT lavagens/controllers/movement.py: 0
[2015-12-17 16:14:01] EDIT lavagens/controllers/movement.py: 0
[2015-12-17 16:19:50] EDIT lavagens/controllers/movement.py: -1
[2017-09-22 21:50:19] EDIT Lavagens/models/db.py: 0
[2017-09-22 21:51:18] EDIT Lavagens/models/db.py: 0
[2017-09-22 21:52:15] EDIT Lavagens/models/db.py: 0
[2017-09-22 21:52:18] EDIT Lavagens/models/db.py: 0
[2023-02-06 21:39:39] EDIT Lavagens/models/db.py: 0
[2023-02-06 21:48:13] EDIT Lavagens/models/db.py: 0
[2023-02-06 21:48:19] EDIT Lavagens/models/db.py: 0
[2023-02-06 21:49:30] EDIT Lavagens/models/db.py: 0
